<?xml version="1.0" encoding="UTF-8"?>
<testng-results skipped="0" failed="0" total="1" passed="1">
  <reporter-output>
  </reporter-output>
  <suite name="Default suite" duration-ms="20419" started-at="2018-08-23T19:56:26Z" finished-at="2018-08-23T19:56:46Z">
    <groups>
    </groups>
    <test name="Default test" duration-ms="20419" started-at="2018-08-23T19:56:26Z" finished-at="2018-08-23T19:56:46Z">
      <class name="tdd.Test_Runner">
        <test-method status="PASS" signature="beforeTest()[pri:0, instance:tdd.Test_Runner@7946e1f4]" name="beforeTest" is-config="true" duration-ms="20368" started-at="2018-08-24T01:26:26Z" finished-at="2018-08-24T01:26:46Z">
          <reporter-output>
          </reporter-output>
        </test-method> <!-- beforeTest -->
        <test-method status="PASS" signature="test()[pri:0, instance:tdd.Test_Runner@7946e1f4]" name="test" duration-ms="34" started-at="2018-08-24T01:26:46Z" finished-at="2018-08-24T01:26:46Z">
          <reporter-output>
          </reporter-output>
        </test-method> <!-- test -->
        <test-method status="PASS" signature="afterTest()[pri:0, instance:tdd.Test_Runner@7946e1f4]" name="afterTest" is-config="true" duration-ms="1" started-at="2018-08-24T01:26:46Z" finished-at="2018-08-24T01:26:46Z">
          <reporter-output>
          </reporter-output>
        </test-method> <!-- afterTest -->
      </class> <!-- tdd.Test_Runner -->
    </test> <!-- Default test -->
  </suite> <!-- Default suite -->
</testng-results>
